CRITICAL - 2025-11-24 00:49:30 --> ErrorException: Undefined array key "text"
[Method: GET, Route: telegram/messages]
in APPPATH\Controllers\Telegram.php on line 73.
 1 APPPATH\Controllers\Telegram.php(73): CodeIgniter\Debug\Exceptions->errorHandler(2, 'Undefined array key "text"', 'C:\\xampp\\htdocs\\Leapcol\\app\\Controllers\\Telegram.php', 73)
 2 SYSTEMPATH\CodeIgniter.php(933): App\Controllers\Telegram->getMessages()
 3 SYSTEMPATH\CodeIgniter.php(507): CodeIgniter\CodeIgniter->runController(Object(App\Controllers\Telegram))
 4 SYSTEMPATH\CodeIgniter.php(354): CodeIgniter\CodeIgniter->handleRequest(null, Object(Config\Cache), false)
 5 SYSTEMPATH\Boot.php(363): CodeIgniter\CodeIgniter->run()
 6 SYSTEMPATH\Boot.php(68): CodeIgniter\Boot::runCodeIgniter(Object(CodeIgniter\CodeIgniter))
 7 FCPATH\index.php(59): CodeIgniter\Boot::bootWeb(Object(Config\Paths))
CRITICAL - 2025-11-24 00:49:33 --> ErrorException: Undefined array key "text"
[Method: GET, Route: telegram/messages]
in APPPATH\Controllers\Telegram.php on line 73.
 1 APPPATH\Controllers\Telegram.php(73): CodeIgniter\Debug\Exceptions->errorHandler(2, 'Undefined array key "text"', 'C:\\xampp\\htdocs\\Leapcol\\app\\Controllers\\Telegram.php', 73)
 2 SYSTEMPATH\CodeIgniter.php(933): App\Controllers\Telegram->getMessages()
 3 SYSTEMPATH\CodeIgniter.php(507): CodeIgniter\CodeIgniter->runController(Object(App\Controllers\Telegram))
 4 SYSTEMPATH\CodeIgniter.php(354): CodeIgniter\CodeIgniter->handleRequest(null, Object(Config\Cache), false)
 5 SYSTEMPATH\Boot.php(363): CodeIgniter\CodeIgniter->run()
 6 SYSTEMPATH\Boot.php(68): CodeIgniter\Boot::runCodeIgniter(Object(CodeIgniter\CodeIgniter))
 7 FCPATH\index.php(59): CodeIgniter\Boot::bootWeb(Object(Config\Paths))
CRITICAL - 2025-11-24 00:49:36 --> ErrorException: Undefined array key "text"
[Method: GET, Route: telegram/messages]
in APPPATH\Controllers\Telegram.php on line 73.
 1 APPPATH\Controllers\Telegram.php(73): CodeIgniter\Debug\Exceptions->errorHandler(2, 'Undefined array key "text"', 'C:\\xampp\\htdocs\\Leapcol\\app\\Controllers\\Telegram.php', 73)
 2 SYSTEMPATH\CodeIgniter.php(933): App\Controllers\Telegram->getMessages()
 3 SYSTEMPATH\CodeIgniter.php(507): CodeIgniter\CodeIgniter->runController(Object(App\Controllers\Telegram))
 4 SYSTEMPATH\CodeIgniter.php(354): CodeIgniter\CodeIgniter->handleRequest(null, Object(Config\Cache), false)
 5 SYSTEMPATH\Boot.php(363): CodeIgniter\CodeIgniter->run()
 6 SYSTEMPATH\Boot.php(68): CodeIgniter\Boot::runCodeIgniter(Object(CodeIgniter\CodeIgniter))
 7 FCPATH\index.php(59): CodeIgniter\Boot::bootWeb(Object(Config\Paths))
CRITICAL - 2025-11-24 00:49:39 --> ErrorException: Undefined array key "text"
[Method: GET, Route: telegram/messages]
in APPPATH\Controllers\Telegram.php on line 73.
 1 APPPATH\Controllers\Telegram.php(73): CodeIgniter\Debug\Exceptions->errorHandler(2, 'Undefined array key "text"', 'C:\\xampp\\htdocs\\Leapcol\\app\\Controllers\\Telegram.php', 73)
 2 SYSTEMPATH\CodeIgniter.php(933): App\Controllers\Telegram->getMessages()
 3 SYSTEMPATH\CodeIgniter.php(507): CodeIgniter\CodeIgniter->runController(Object(App\Controllers\Telegram))
 4 SYSTEMPATH\CodeIgniter.php(354): CodeIgniter\CodeIgniter->handleRequest(null, Object(Config\Cache), false)
 5 SYSTEMPATH\Boot.php(363): CodeIgniter\CodeIgniter->run()
 6 SYSTEMPATH\Boot.php(68): CodeIgniter\Boot::runCodeIgniter(Object(CodeIgniter\CodeIgniter))
 7 FCPATH\index.php(59): CodeIgniter\Boot::bootWeb(Object(Config\Paths))
CRITICAL - 2025-11-24 00:49:45 --> ErrorException: Undefined array key "text"
[Method: GET, Route: telegram/messages]
in APPPATH\Controllers\Telegram.php on line 73.
 1 APPPATH\Controllers\Telegram.php(73): CodeIgniter\Debug\Exceptions->errorHandler(2, 'Undefined array key "text"', 'C:\\xampp\\htdocs\\Leapcol\\app\\Controllers\\Telegram.php', 73)
 2 SYSTEMPATH\CodeIgniter.php(933): App\Controllers\Telegram->getMessages()
 3 SYSTEMPATH\CodeIgniter.php(507): CodeIgniter\CodeIgniter->runController(Object(App\Controllers\Telegram))
 4 SYSTEMPATH\CodeIgniter.php(354): CodeIgniter\CodeIgniter->handleRequest(null, Object(Config\Cache), false)
 5 SYSTEMPATH\Boot.php(363): CodeIgniter\CodeIgniter->run()
 6 SYSTEMPATH\Boot.php(68): CodeIgniter\Boot::runCodeIgniter(Object(CodeIgniter\CodeIgniter))
 7 FCPATH\index.php(59): CodeIgniter\Boot::bootWeb(Object(Config\Paths))
CRITICAL - 2025-11-24 00:49:49 --> ErrorException: Undefined array key "text"
[Method: GET, Route: telegram/messages]
in APPPATH\Controllers\Telegram.php on line 73.
 1 APPPATH\Controllers\Telegram.php(73): CodeIgniter\Debug\Exceptions->errorHandler(2, 'Undefined array key "text"', 'C:\\xampp\\htdocs\\Leapcol\\app\\Controllers\\Telegram.php', 73)
 2 SYSTEMPATH\CodeIgniter.php(933): App\Controllers\Telegram->getMessages()
 3 SYSTEMPATH\CodeIgniter.php(507): CodeIgniter\CodeIgniter->runController(Object(App\Controllers\Telegram))
 4 SYSTEMPATH\CodeIgniter.php(354): CodeIgniter\CodeIgniter->handleRequest(null, Object(Config\Cache), false)
 5 SYSTEMPATH\Boot.php(363): CodeIgniter\CodeIgniter->run()
 6 SYSTEMPATH\Boot.php(68): CodeIgniter\Boot::runCodeIgniter(Object(CodeIgniter\CodeIgniter))
 7 FCPATH\index.php(59): CodeIgniter\Boot::bootWeb(Object(Config\Paths))
CRITICAL - 2025-11-24 00:49:52 --> ErrorException: Undefined array key "text"
[Method: GET, Route: telegram/messages]
in APPPATH\Controllers\Telegram.php on line 73.
 1 APPPATH\Controllers\Telegram.php(73): CodeIgniter\Debug\Exceptions->errorHandler(2, 'Undefined array key "text"', 'C:\\xampp\\htdocs\\Leapcol\\app\\Controllers\\Telegram.php', 73)
 2 SYSTEMPATH\CodeIgniter.php(933): App\Controllers\Telegram->getMessages()
 3 SYSTEMPATH\CodeIgniter.php(507): CodeIgniter\CodeIgniter->runController(Object(App\Controllers\Telegram))
 4 SYSTEMPATH\CodeIgniter.php(354): CodeIgniter\CodeIgniter->handleRequest(null, Object(Config\Cache), false)
 5 SYSTEMPATH\Boot.php(363): CodeIgniter\CodeIgniter->run()
 6 SYSTEMPATH\Boot.php(68): CodeIgniter\Boot::runCodeIgniter(Object(CodeIgniter\CodeIgniter))
 7 FCPATH\index.php(59): CodeIgniter\Boot::bootWeb(Object(Config\Paths))
CRITICAL - 2025-11-24 00:49:55 --> ErrorException: Undefined array key "text"
[Method: GET, Route: telegram/messages]
in APPPATH\Controllers\Telegram.php on line 73.
 1 APPPATH\Controllers\Telegram.php(73): CodeIgniter\Debug\Exceptions->errorHandler(2, 'Undefined array key "text"', 'C:\\xampp\\htdocs\\Leapcol\\app\\Controllers\\Telegram.php', 73)
 2 SYSTEMPATH\CodeIgniter.php(933): App\Controllers\Telegram->getMessages()
 3 SYSTEMPATH\CodeIgniter.php(507): CodeIgniter\CodeIgniter->runController(Object(App\Controllers\Telegram))
 4 SYSTEMPATH\CodeIgniter.php(354): CodeIgniter\CodeIgniter->handleRequest(null, Object(Config\Cache), false)
 5 SYSTEMPATH\Boot.php(363): CodeIgniter\CodeIgniter->run()
 6 SYSTEMPATH\Boot.php(68): CodeIgniter\Boot::runCodeIgniter(Object(CodeIgniter\CodeIgniter))
 7 FCPATH\index.php(59): CodeIgniter\Boot::bootWeb(Object(Config\Paths))
CRITICAL - 2025-11-24 00:49:58 --> ErrorException: Undefined array key "text"
[Method: GET, Route: telegram/messages]
in APPPATH\Controllers\Telegram.php on line 73.
 1 APPPATH\Controllers\Telegram.php(73): CodeIgniter\Debug\Exceptions->errorHandler(2, 'Undefined array key "text"', 'C:\\xampp\\htdocs\\Leapcol\\app\\Controllers\\Telegram.php', 73)
 2 SYSTEMPATH\CodeIgniter.php(933): App\Controllers\Telegram->getMessages()
 3 SYSTEMPATH\CodeIgniter.php(507): CodeIgniter\CodeIgniter->runController(Object(App\Controllers\Telegram))
 4 SYSTEMPATH\CodeIgniter.php(354): CodeIgniter\CodeIgniter->handleRequest(null, Object(Config\Cache), false)
 5 SYSTEMPATH\Boot.php(363): CodeIgniter\CodeIgniter->run()
 6 SYSTEMPATH\Boot.php(68): CodeIgniter\Boot::runCodeIgniter(Object(CodeIgniter\CodeIgniter))
 7 FCPATH\index.php(59): CodeIgniter\Boot::bootWeb(Object(Config\Paths))
CRITICAL - 2025-11-24 00:50:01 --> ErrorException: Undefined array key "text"
[Method: GET, Route: telegram/messages]
in APPPATH\Controllers\Telegram.php on line 73.
 1 APPPATH\Controllers\Telegram.php(73): CodeIgniter\Debug\Exceptions->errorHandler(2, 'Undefined array key "text"', 'C:\\xampp\\htdocs\\Leapcol\\app\\Controllers\\Telegram.php', 73)
 2 SYSTEMPATH\CodeIgniter.php(933): App\Controllers\Telegram->getMessages()
 3 SYSTEMPATH\CodeIgniter.php(507): CodeIgniter\CodeIgniter->runController(Object(App\Controllers\Telegram))
 4 SYSTEMPATH\CodeIgniter.php(354): CodeIgniter\CodeIgniter->handleRequest(null, Object(Config\Cache), false)
 5 SYSTEMPATH\Boot.php(363): CodeIgniter\CodeIgniter->run()
 6 SYSTEMPATH\Boot.php(68): CodeIgniter\Boot::runCodeIgniter(Object(CodeIgniter\CodeIgniter))
 7 FCPATH\index.php(59): CodeIgniter\Boot::bootWeb(Object(Config\Paths))
CRITICAL - 2025-11-24 00:50:04 --> ErrorException: Undefined array key "text"
[Method: GET, Route: telegram/messages]
in APPPATH\Controllers\Telegram.php on line 73.
 1 APPPATH\Controllers\Telegram.php(73): CodeIgniter\Debug\Exceptions->errorHandler(2, 'Undefined array key "text"', 'C:\\xampp\\htdocs\\Leapcol\\app\\Controllers\\Telegram.php', 73)
 2 SYSTEMPATH\CodeIgniter.php(933): App\Controllers\Telegram->getMessages()
 3 SYSTEMPATH\CodeIgniter.php(507): CodeIgniter\CodeIgniter->runController(Object(App\Controllers\Telegram))
 4 SYSTEMPATH\CodeIgniter.php(354): CodeIgniter\CodeIgniter->handleRequest(null, Object(Config\Cache), false)
 5 SYSTEMPATH\Boot.php(363): CodeIgniter\CodeIgniter->run()
 6 SYSTEMPATH\Boot.php(68): CodeIgniter\Boot::runCodeIgniter(Object(CodeIgniter\CodeIgniter))
 7 FCPATH\index.php(59): CodeIgniter\Boot::bootWeb(Object(Config\Paths))
CRITICAL - 2025-11-24 00:50:07 --> ErrorException: Undefined array key "text"
[Method: GET, Route: telegram/messages]
in APPPATH\Controllers\Telegram.php on line 73.
 1 APPPATH\Controllers\Telegram.php(73): CodeIgniter\Debug\Exceptions->errorHandler(2, 'Undefined array key "text"', 'C:\\xampp\\htdocs\\Leapcol\\app\\Controllers\\Telegram.php', 73)
 2 SYSTEMPATH\CodeIgniter.php(933): App\Controllers\Telegram->getMessages()
 3 SYSTEMPATH\CodeIgniter.php(507): CodeIgniter\CodeIgniter->runController(Object(App\Controllers\Telegram))
 4 SYSTEMPATH\CodeIgniter.php(354): CodeIgniter\CodeIgniter->handleRequest(null, Object(Config\Cache), false)
 5 SYSTEMPATH\Boot.php(363): CodeIgniter\CodeIgniter->run()
 6 SYSTEMPATH\Boot.php(68): CodeIgniter\Boot::runCodeIgniter(Object(CodeIgniter\CodeIgniter))
 7 FCPATH\index.php(59): CodeIgniter\Boot::bootWeb(Object(Config\Paths))
CRITICAL - 2025-11-24 00:50:10 --> ErrorException: Undefined array key "text"
[Method: GET, Route: telegram/messages]
in APPPATH\Controllers\Telegram.php on line 73.
 1 APPPATH\Controllers\Telegram.php(73): CodeIgniter\Debug\Exceptions->errorHandler(2, 'Undefined array key "text"', 'C:\\xampp\\htdocs\\Leapcol\\app\\Controllers\\Telegram.php', 73)
 2 SYSTEMPATH\CodeIgniter.php(933): App\Controllers\Telegram->getMessages()
 3 SYSTEMPATH\CodeIgniter.php(507): CodeIgniter\CodeIgniter->runController(Object(App\Controllers\Telegram))
 4 SYSTEMPATH\CodeIgniter.php(354): CodeIgniter\CodeIgniter->handleRequest(null, Object(Config\Cache), false)
 5 SYSTEMPATH\Boot.php(363): CodeIgniter\CodeIgniter->run()
 6 SYSTEMPATH\Boot.php(68): CodeIgniter\Boot::runCodeIgniter(Object(CodeIgniter\CodeIgniter))
 7 FCPATH\index.php(59): CodeIgniter\Boot::bootWeb(Object(Config\Paths))
CRITICAL - 2025-11-24 00:50:13 --> ErrorException: Undefined array key "text"
[Method: GET, Route: telegram/messages]
in APPPATH\Controllers\Telegram.php on line 73.
 1 APPPATH\Controllers\Telegram.php(73): CodeIgniter\Debug\Exceptions->errorHandler(2, 'Undefined array key "text"', 'C:\\xampp\\htdocs\\Leapcol\\app\\Controllers\\Telegram.php', 73)
 2 SYSTEMPATH\CodeIgniter.php(933): App\Controllers\Telegram->getMessages()
 3 SYSTEMPATH\CodeIgniter.php(507): CodeIgniter\CodeIgniter->runController(Object(App\Controllers\Telegram))
 4 SYSTEMPATH\CodeIgniter.php(354): CodeIgniter\CodeIgniter->handleRequest(null, Object(Config\Cache), false)
 5 SYSTEMPATH\Boot.php(363): CodeIgniter\CodeIgniter->run()
 6 SYSTEMPATH\Boot.php(68): CodeIgniter\Boot::runCodeIgniter(Object(CodeIgniter\CodeIgniter))
 7 FCPATH\index.php(59): CodeIgniter\Boot::bootWeb(Object(Config\Paths))
CRITICAL - 2025-11-24 00:50:16 --> ErrorException: Undefined array key "text"
[Method: GET, Route: telegram/messages]
in APPPATH\Controllers\Telegram.php on line 73.
 1 APPPATH\Controllers\Telegram.php(73): CodeIgniter\Debug\Exceptions->errorHandler(2, 'Undefined array key "text"', 'C:\\xampp\\htdocs\\Leapcol\\app\\Controllers\\Telegram.php', 73)
 2 SYSTEMPATH\CodeIgniter.php(933): App\Controllers\Telegram->getMessages()
 3 SYSTEMPATH\CodeIgniter.php(507): CodeIgniter\CodeIgniter->runController(Object(App\Controllers\Telegram))
 4 SYSTEMPATH\CodeIgniter.php(354): CodeIgniter\CodeIgniter->handleRequest(null, Object(Config\Cache), false)
 5 SYSTEMPATH\Boot.php(363): CodeIgniter\CodeIgniter->run()
 6 SYSTEMPATH\Boot.php(68): CodeIgniter\Boot::runCodeIgniter(Object(CodeIgniter\CodeIgniter))
 7 FCPATH\index.php(59): CodeIgniter\Boot::bootWeb(Object(Config\Paths))
CRITICAL - 2025-11-24 00:50:19 --> ErrorException: Undefined array key "text"
[Method: GET, Route: telegram/messages]
in APPPATH\Controllers\Telegram.php on line 73.
 1 APPPATH\Controllers\Telegram.php(73): CodeIgniter\Debug\Exceptions->errorHandler(2, 'Undefined array key "text"', 'C:\\xampp\\htdocs\\Leapcol\\app\\Controllers\\Telegram.php', 73)
 2 SYSTEMPATH\CodeIgniter.php(933): App\Controllers\Telegram->getMessages()
 3 SYSTEMPATH\CodeIgniter.php(507): CodeIgniter\CodeIgniter->runController(Object(App\Controllers\Telegram))
 4 SYSTEMPATH\CodeIgniter.php(354): CodeIgniter\CodeIgniter->handleRequest(null, Object(Config\Cache), false)
 5 SYSTEMPATH\Boot.php(363): CodeIgniter\CodeIgniter->run()
 6 SYSTEMPATH\Boot.php(68): CodeIgniter\Boot::runCodeIgniter(Object(CodeIgniter\CodeIgniter))
 7 FCPATH\index.php(59): CodeIgniter\Boot::bootWeb(Object(Config\Paths))
CRITICAL - 2025-11-24 00:50:22 --> ErrorException: Undefined array key "text"
[Method: GET, Route: telegram/messages]
in APPPATH\Controllers\Telegram.php on line 73.
 1 APPPATH\Controllers\Telegram.php(73): CodeIgniter\Debug\Exceptions->errorHandler(2, 'Undefined array key "text"', 'C:\\xampp\\htdocs\\Leapcol\\app\\Controllers\\Telegram.php', 73)
 2 SYSTEMPATH\CodeIgniter.php(933): App\Controllers\Telegram->getMessages()
 3 SYSTEMPATH\CodeIgniter.php(507): CodeIgniter\CodeIgniter->runController(Object(App\Controllers\Telegram))
 4 SYSTEMPATH\CodeIgniter.php(354): CodeIgniter\CodeIgniter->handleRequest(null, Object(Config\Cache), false)
 5 SYSTEMPATH\Boot.php(363): CodeIgniter\CodeIgniter->run()
 6 SYSTEMPATH\Boot.php(68): CodeIgniter\Boot::runCodeIgniter(Object(CodeIgniter\CodeIgniter))
 7 FCPATH\index.php(59): CodeIgniter\Boot::bootWeb(Object(Config\Paths))
CRITICAL - 2025-11-24 00:50:25 --> ErrorException: Undefined array key "text"
[Method: GET, Route: telegram/messages]
in APPPATH\Controllers\Telegram.php on line 73.
 1 APPPATH\Controllers\Telegram.php(73): CodeIgniter\Debug\Exceptions->errorHandler(2, 'Undefined array key "text"', 'C:\\xampp\\htdocs\\Leapcol\\app\\Controllers\\Telegram.php', 73)
 2 SYSTEMPATH\CodeIgniter.php(933): App\Controllers\Telegram->getMessages()
 3 SYSTEMPATH\CodeIgniter.php(507): CodeIgniter\CodeIgniter->runController(Object(App\Controllers\Telegram))
 4 SYSTEMPATH\CodeIgniter.php(354): CodeIgniter\CodeIgniter->handleRequest(null, Object(Config\Cache), false)
 5 SYSTEMPATH\Boot.php(363): CodeIgniter\CodeIgniter->run()
 6 SYSTEMPATH\Boot.php(68): CodeIgniter\Boot::runCodeIgniter(Object(CodeIgniter\CodeIgniter))
 7 FCPATH\index.php(59): CodeIgniter\Boot::bootWeb(Object(Config\Paths))
CRITICAL - 2025-11-24 00:50:28 --> ErrorException: Undefined array key "text"
[Method: GET, Route: telegram/messages]
in APPPATH\Controllers\Telegram.php on line 73.
 1 APPPATH\Controllers\Telegram.php(73): CodeIgniter\Debug\Exceptions->errorHandler(2, 'Undefined array key "text"', 'C:\\xampp\\htdocs\\Leapcol\\app\\Controllers\\Telegram.php', 73)
 2 SYSTEMPATH\CodeIgniter.php(933): App\Controllers\Telegram->getMessages()
 3 SYSTEMPATH\CodeIgniter.php(507): CodeIgniter\CodeIgniter->runController(Object(App\Controllers\Telegram))
 4 SYSTEMPATH\CodeIgniter.php(354): CodeIgniter\CodeIgniter->handleRequest(null, Object(Config\Cache), false)
 5 SYSTEMPATH\Boot.php(363): CodeIgniter\CodeIgniter->run()
 6 SYSTEMPATH\Boot.php(68): CodeIgniter\Boot::runCodeIgniter(Object(CodeIgniter\CodeIgniter))
 7 FCPATH\index.php(59): CodeIgniter\Boot::bootWeb(Object(Config\Paths))
CRITICAL - 2025-11-24 00:50:31 --> ErrorException: Undefined array key "text"
[Method: GET, Route: telegram/messages]
in APPPATH\Controllers\Telegram.php on line 73.
 1 APPPATH\Controllers\Telegram.php(73): CodeIgniter\Debug\Exceptions->errorHandler(2, 'Undefined array key "text"', 'C:\\xampp\\htdocs\\Leapcol\\app\\Controllers\\Telegram.php', 73)
 2 SYSTEMPATH\CodeIgniter.php(933): App\Controllers\Telegram->getMessages()
 3 SYSTEMPATH\CodeIgniter.php(507): CodeIgniter\CodeIgniter->runController(Object(App\Controllers\Telegram))
 4 SYSTEMPATH\CodeIgniter.php(354): CodeIgniter\CodeIgniter->handleRequest(null, Object(Config\Cache), false)
 5 SYSTEMPATH\Boot.php(363): CodeIgniter\CodeIgniter->run()
 6 SYSTEMPATH\Boot.php(68): CodeIgniter\Boot::runCodeIgniter(Object(CodeIgniter\CodeIgniter))
 7 FCPATH\index.php(59): CodeIgniter\Boot::bootWeb(Object(Config\Paths))
CRITICAL - 2025-11-24 00:50:35 --> ErrorException: Undefined array key "text"
[Method: GET, Route: telegram/messages]
in APPPATH\Controllers\Telegram.php on line 73.
 1 APPPATH\Controllers\Telegram.php(73): CodeIgniter\Debug\Exceptions->errorHandler(2, 'Undefined array key "text"', 'C:\\xampp\\htdocs\\Leapcol\\app\\Controllers\\Telegram.php', 73)
 2 SYSTEMPATH\CodeIgniter.php(933): App\Controllers\Telegram->getMessages()
 3 SYSTEMPATH\CodeIgniter.php(507): CodeIgniter\CodeIgniter->runController(Object(App\Controllers\Telegram))
 4 SYSTEMPATH\CodeIgniter.php(354): CodeIgniter\CodeIgniter->handleRequest(null, Object(Config\Cache), false)
 5 SYSTEMPATH\Boot.php(363): CodeIgniter\CodeIgniter->run()
 6 SYSTEMPATH\Boot.php(68): CodeIgniter\Boot::runCodeIgniter(Object(CodeIgniter\CodeIgniter))
 7 FCPATH\index.php(59): CodeIgniter\Boot::bootWeb(Object(Config\Paths))
CRITICAL - 2025-11-24 00:50:38 --> ErrorException: Undefined array key "text"
[Method: GET, Route: telegram/messages]
in APPPATH\Controllers\Telegram.php on line 73.
 1 APPPATH\Controllers\Telegram.php(73): CodeIgniter\Debug\Exceptions->errorHandler(2, 'Undefined array key "text"', 'C:\\xampp\\htdocs\\Leapcol\\app\\Controllers\\Telegram.php', 73)
 2 SYSTEMPATH\CodeIgniter.php(933): App\Controllers\Telegram->getMessages()
 3 SYSTEMPATH\CodeIgniter.php(507): CodeIgniter\CodeIgniter->runController(Object(App\Controllers\Telegram))
 4 SYSTEMPATH\CodeIgniter.php(354): CodeIgniter\CodeIgniter->handleRequest(null, Object(Config\Cache), false)
 5 SYSTEMPATH\Boot.php(363): CodeIgniter\CodeIgniter->run()
 6 SYSTEMPATH\Boot.php(68): CodeIgniter\Boot::runCodeIgniter(Object(CodeIgniter\CodeIgniter))
 7 FCPATH\index.php(59): CodeIgniter\Boot::bootWeb(Object(Config\Paths))
CRITICAL - 2025-11-24 00:50:41 --> ErrorException: Undefined array key "text"
[Method: GET, Route: telegram/messages]
in APPPATH\Controllers\Telegram.php on line 73.
 1 APPPATH\Controllers\Telegram.php(73): CodeIgniter\Debug\Exceptions->errorHandler(2, 'Undefined array key "text"', 'C:\\xampp\\htdocs\\Leapcol\\app\\Controllers\\Telegram.php', 73)
 2 SYSTEMPATH\CodeIgniter.php(933): App\Controllers\Telegram->getMessages()
 3 SYSTEMPATH\CodeIgniter.php(507): CodeIgniter\CodeIgniter->runController(Object(App\Controllers\Telegram))
 4 SYSTEMPATH\CodeIgniter.php(354): CodeIgniter\CodeIgniter->handleRequest(null, Object(Config\Cache), false)
 5 SYSTEMPATH\Boot.php(363): CodeIgniter\CodeIgniter->run()
 6 SYSTEMPATH\Boot.php(68): CodeIgniter\Boot::runCodeIgniter(Object(CodeIgniter\CodeIgniter))
 7 FCPATH\index.php(59): CodeIgniter\Boot::bootWeb(Object(Config\Paths))
CRITICAL - 2025-11-24 00:50:45 --> ErrorException: Undefined array key "text"
[Method: GET, Route: telegram/messages]
in APPPATH\Controllers\Telegram.php on line 73.
 1 APPPATH\Controllers\Telegram.php(73): CodeIgniter\Debug\Exceptions->errorHandler(2, 'Undefined array key "text"', 'C:\\xampp\\htdocs\\Leapcol\\app\\Controllers\\Telegram.php', 73)
 2 SYSTEMPATH\CodeIgniter.php(933): App\Controllers\Telegram->getMessages()
 3 SYSTEMPATH\CodeIgniter.php(507): CodeIgniter\CodeIgniter->runController(Object(App\Controllers\Telegram))
 4 SYSTEMPATH\CodeIgniter.php(354): CodeIgniter\CodeIgniter->handleRequest(null, Object(Config\Cache), false)
 5 SYSTEMPATH\Boot.php(363): CodeIgniter\CodeIgniter->run()
 6 SYSTEMPATH\Boot.php(68): CodeIgniter\Boot::runCodeIgniter(Object(CodeIgniter\CodeIgniter))
 7 FCPATH\index.php(59): CodeIgniter\Boot::bootWeb(Object(Config\Paths))
CRITICAL - 2025-11-24 00:50:48 --> ErrorException: Undefined array key "text"
[Method: GET, Route: telegram/messages]
in APPPATH\Controllers\Telegram.php on line 73.
 1 APPPATH\Controllers\Telegram.php(73): CodeIgniter\Debug\Exceptions->errorHandler(2, 'Undefined array key "text"', 'C:\\xampp\\htdocs\\Leapcol\\app\\Controllers\\Telegram.php', 73)
 2 SYSTEMPATH\CodeIgniter.php(933): App\Controllers\Telegram->getMessages()
 3 SYSTEMPATH\CodeIgniter.php(507): CodeIgniter\CodeIgniter->runController(Object(App\Controllers\Telegram))
 4 SYSTEMPATH\CodeIgniter.php(354): CodeIgniter\CodeIgniter->handleRequest(null, Object(Config\Cache), false)
 5 SYSTEMPATH\Boot.php(363): CodeIgniter\CodeIgniter->run()
 6 SYSTEMPATH\Boot.php(68): CodeIgniter\Boot::runCodeIgniter(Object(CodeIgniter\CodeIgniter))
 7 FCPATH\index.php(59): CodeIgniter\Boot::bootWeb(Object(Config\Paths))
CRITICAL - 2025-11-24 00:50:51 --> ErrorException: Undefined array key "text"
[Method: GET, Route: telegram/messages]
in APPPATH\Controllers\Telegram.php on line 73.
 1 APPPATH\Controllers\Telegram.php(73): CodeIgniter\Debug\Exceptions->errorHandler(2, 'Undefined array key "text"', 'C:\\xampp\\htdocs\\Leapcol\\app\\Controllers\\Telegram.php', 73)
 2 SYSTEMPATH\CodeIgniter.php(933): App\Controllers\Telegram->getMessages()
 3 SYSTEMPATH\CodeIgniter.php(507): CodeIgniter\CodeIgniter->runController(Object(App\Controllers\Telegram))
 4 SYSTEMPATH\CodeIgniter.php(354): CodeIgniter\CodeIgniter->handleRequest(null, Object(Config\Cache), false)
 5 SYSTEMPATH\Boot.php(363): CodeIgniter\CodeIgniter->run()
 6 SYSTEMPATH\Boot.php(68): CodeIgniter\Boot::runCodeIgniter(Object(CodeIgniter\CodeIgniter))
 7 FCPATH\index.php(59): CodeIgniter\Boot::bootWeb(Object(Config\Paths))
CRITICAL - 2025-11-24 00:50:55 --> ErrorException: Undefined array key "text"
[Method: GET, Route: telegram/messages]
in APPPATH\Controllers\Telegram.php on line 73.
 1 APPPATH\Controllers\Telegram.php(73): CodeIgniter\Debug\Exceptions->errorHandler(2, 'Undefined array key "text"', 'C:\\xampp\\htdocs\\Leapcol\\app\\Controllers\\Telegram.php', 73)
 2 SYSTEMPATH\CodeIgniter.php(933): App\Controllers\Telegram->getMessages()
 3 SYSTEMPATH\CodeIgniter.php(507): CodeIgniter\CodeIgniter->runController(Object(App\Controllers\Telegram))
 4 SYSTEMPATH\CodeIgniter.php(354): CodeIgniter\CodeIgniter->handleRequest(null, Object(Config\Cache), false)
 5 SYSTEMPATH\Boot.php(363): CodeIgniter\CodeIgniter->run()
 6 SYSTEMPATH\Boot.php(68): CodeIgniter\Boot::runCodeIgniter(Object(CodeIgniter\CodeIgniter))
 7 FCPATH\index.php(59): CodeIgniter\Boot::bootWeb(Object(Config\Paths))
CRITICAL - 2025-11-24 00:50:58 --> ErrorException: Undefined array key "text"
[Method: GET, Route: telegram/messages]
in APPPATH\Controllers\Telegram.php on line 73.
 1 APPPATH\Controllers\Telegram.php(73): CodeIgniter\Debug\Exceptions->errorHandler(2, 'Undefined array key "text"', 'C:\\xampp\\htdocs\\Leapcol\\app\\Controllers\\Telegram.php', 73)
 2 SYSTEMPATH\CodeIgniter.php(933): App\Controllers\Telegram->getMessages()
 3 SYSTEMPATH\CodeIgniter.php(507): CodeIgniter\CodeIgniter->runController(Object(App\Controllers\Telegram))
 4 SYSTEMPATH\CodeIgniter.php(354): CodeIgniter\CodeIgniter->handleRequest(null, Object(Config\Cache), false)
 5 SYSTEMPATH\Boot.php(363): CodeIgniter\CodeIgniter->run()
 6 SYSTEMPATH\Boot.php(68): CodeIgniter\Boot::runCodeIgniter(Object(CodeIgniter\CodeIgniter))
 7 FCPATH\index.php(59): CodeIgniter\Boot::bootWeb(Object(Config\Paths))
CRITICAL - 2025-11-24 00:51:01 --> ErrorException: Undefined array key "text"
[Method: GET, Route: telegram/messages]
in APPPATH\Controllers\Telegram.php on line 73.
 1 APPPATH\Controllers\Telegram.php(73): CodeIgniter\Debug\Exceptions->errorHandler(2, 'Undefined array key "text"', 'C:\\xampp\\htdocs\\Leapcol\\app\\Controllers\\Telegram.php', 73)
 2 SYSTEMPATH\CodeIgniter.php(933): App\Controllers\Telegram->getMessages()
 3 SYSTEMPATH\CodeIgniter.php(507): CodeIgniter\CodeIgniter->runController(Object(App\Controllers\Telegram))
 4 SYSTEMPATH\CodeIgniter.php(354): CodeIgniter\CodeIgniter->handleRequest(null, Object(Config\Cache), false)
 5 SYSTEMPATH\Boot.php(363): CodeIgniter\CodeIgniter->run()
 6 SYSTEMPATH\Boot.php(68): CodeIgniter\Boot::runCodeIgniter(Object(CodeIgniter\CodeIgniter))
 7 FCPATH\index.php(59): CodeIgniter\Boot::bootWeb(Object(Config\Paths))
CRITICAL - 2025-11-24 00:51:05 --> ErrorException: Undefined array key "text"
[Method: GET, Route: telegram/messages]
in APPPATH\Controllers\Telegram.php on line 73.
 1 APPPATH\Controllers\Telegram.php(73): CodeIgniter\Debug\Exceptions->errorHandler(2, 'Undefined array key "text"', 'C:\\xampp\\htdocs\\Leapcol\\app\\Controllers\\Telegram.php', 73)
 2 SYSTEMPATH\CodeIgniter.php(933): App\Controllers\Telegram->getMessages()
 3 SYSTEMPATH\CodeIgniter.php(507): CodeIgniter\CodeIgniter->runController(Object(App\Controllers\Telegram))
 4 SYSTEMPATH\CodeIgniter.php(354): CodeIgniter\CodeIgniter->handleRequest(null, Object(Config\Cache), false)
 5 SYSTEMPATH\Boot.php(363): CodeIgniter\CodeIgniter->run()
 6 SYSTEMPATH\Boot.php(68): CodeIgniter\Boot::runCodeIgniter(Object(CodeIgniter\CodeIgniter))
 7 FCPATH\index.php(59): CodeIgniter\Boot::bootWeb(Object(Config\Paths))
CRITICAL - 2025-11-24 00:51:08 --> ErrorException: Undefined array key "text"
[Method: GET, Route: telegram/messages]
in APPPATH\Controllers\Telegram.php on line 73.
 1 APPPATH\Controllers\Telegram.php(73): CodeIgniter\Debug\Exceptions->errorHandler(2, 'Undefined array key "text"', 'C:\\xampp\\htdocs\\Leapcol\\app\\Controllers\\Telegram.php', 73)
 2 SYSTEMPATH\CodeIgniter.php(933): App\Controllers\Telegram->getMessages()
 3 SYSTEMPATH\CodeIgniter.php(507): CodeIgniter\CodeIgniter->runController(Object(App\Controllers\Telegram))
 4 SYSTEMPATH\CodeIgniter.php(354): CodeIgniter\CodeIgniter->handleRequest(null, Object(Config\Cache), false)
 5 SYSTEMPATH\Boot.php(363): CodeIgniter\CodeIgniter->run()
 6 SYSTEMPATH\Boot.php(68): CodeIgniter\Boot::runCodeIgniter(Object(CodeIgniter\CodeIgniter))
 7 FCPATH\index.php(59): CodeIgniter\Boot::bootWeb(Object(Config\Paths))
CRITICAL - 2025-11-24 00:51:11 --> ErrorException: Undefined array key "text"
[Method: GET, Route: telegram/messages]
in APPPATH\Controllers\Telegram.php on line 73.
 1 APPPATH\Controllers\Telegram.php(73): CodeIgniter\Debug\Exceptions->errorHandler(2, 'Undefined array key "text"', 'C:\\xampp\\htdocs\\Leapcol\\app\\Controllers\\Telegram.php', 73)
 2 SYSTEMPATH\CodeIgniter.php(933): App\Controllers\Telegram->getMessages()
 3 SYSTEMPATH\CodeIgniter.php(507): CodeIgniter\CodeIgniter->runController(Object(App\Controllers\Telegram))
 4 SYSTEMPATH\CodeIgniter.php(354): CodeIgniter\CodeIgniter->handleRequest(null, Object(Config\Cache), false)
 5 SYSTEMPATH\Boot.php(363): CodeIgniter\CodeIgniter->run()
 6 SYSTEMPATH\Boot.php(68): CodeIgniter\Boot::runCodeIgniter(Object(CodeIgniter\CodeIgniter))
 7 FCPATH\index.php(59): CodeIgniter\Boot::bootWeb(Object(Config\Paths))
CRITICAL - 2025-11-24 00:51:15 --> ErrorException: Undefined array key "text"
[Method: GET, Route: telegram/messages]
in APPPATH\Controllers\Telegram.php on line 73.
 1 APPPATH\Controllers\Telegram.php(73): CodeIgniter\Debug\Exceptions->errorHandler(2, 'Undefined array key "text"', 'C:\\xampp\\htdocs\\Leapcol\\app\\Controllers\\Telegram.php', 73)
 2 SYSTEMPATH\CodeIgniter.php(933): App\Controllers\Telegram->getMessages()
 3 SYSTEMPATH\CodeIgniter.php(507): CodeIgniter\CodeIgniter->runController(Object(App\Controllers\Telegram))
 4 SYSTEMPATH\CodeIgniter.php(354): CodeIgniter\CodeIgniter->handleRequest(null, Object(Config\Cache), false)
 5 SYSTEMPATH\Boot.php(363): CodeIgniter\CodeIgniter->run()
 6 SYSTEMPATH\Boot.php(68): CodeIgniter\Boot::runCodeIgniter(Object(CodeIgniter\CodeIgniter))
 7 FCPATH\index.php(59): CodeIgniter\Boot::bootWeb(Object(Config\Paths))
CRITICAL - 2025-11-24 00:51:18 --> ErrorException: Undefined array key "text"
[Method: GET, Route: telegram/messages]
in APPPATH\Controllers\Telegram.php on line 73.
 1 APPPATH\Controllers\Telegram.php(73): CodeIgniter\Debug\Exceptions->errorHandler(2, 'Undefined array key "text"', 'C:\\xampp\\htdocs\\Leapcol\\app\\Controllers\\Telegram.php', 73)
 2 SYSTEMPATH\CodeIgniter.php(933): App\Controllers\Telegram->getMessages()
 3 SYSTEMPATH\CodeIgniter.php(507): CodeIgniter\CodeIgniter->runController(Object(App\Controllers\Telegram))
 4 SYSTEMPATH\CodeIgniter.php(354): CodeIgniter\CodeIgniter->handleRequest(null, Object(Config\Cache), false)
 5 SYSTEMPATH\Boot.php(363): CodeIgniter\CodeIgniter->run()
 6 SYSTEMPATH\Boot.php(68): CodeIgniter\Boot::runCodeIgniter(Object(CodeIgniter\CodeIgniter))
 7 FCPATH\index.php(59): CodeIgniter\Boot::bootWeb(Object(Config\Paths))
CRITICAL - 2025-11-24 00:51:21 --> ErrorException: Undefined array key "text"
[Method: GET, Route: telegram/messages]
in APPPATH\Controllers\Telegram.php on line 73.
 1 APPPATH\Controllers\Telegram.php(73): CodeIgniter\Debug\Exceptions->errorHandler(2, 'Undefined array key "text"', 'C:\\xampp\\htdocs\\Leapcol\\app\\Controllers\\Telegram.php', 73)
 2 SYSTEMPATH\CodeIgniter.php(933): App\Controllers\Telegram->getMessages()
 3 SYSTEMPATH\CodeIgniter.php(507): CodeIgniter\CodeIgniter->runController(Object(App\Controllers\Telegram))
 4 SYSTEMPATH\CodeIgniter.php(354): CodeIgniter\CodeIgniter->handleRequest(null, Object(Config\Cache), false)
 5 SYSTEMPATH\Boot.php(363): CodeIgniter\CodeIgniter->run()
 6 SYSTEMPATH\Boot.php(68): CodeIgniter\Boot::runCodeIgniter(Object(CodeIgniter\CodeIgniter))
 7 FCPATH\index.php(59): CodeIgniter\Boot::bootWeb(Object(Config\Paths))
CRITICAL - 2025-11-24 00:51:25 --> ErrorException: Undefined array key "text"
[Method: GET, Route: telegram/messages]
in APPPATH\Controllers\Telegram.php on line 73.
 1 APPPATH\Controllers\Telegram.php(73): CodeIgniter\Debug\Exceptions->errorHandler(2, 'Undefined array key "text"', 'C:\\xampp\\htdocs\\Leapcol\\app\\Controllers\\Telegram.php', 73)
 2 SYSTEMPATH\CodeIgniter.php(933): App\Controllers\Telegram->getMessages()
 3 SYSTEMPATH\CodeIgniter.php(507): CodeIgniter\CodeIgniter->runController(Object(App\Controllers\Telegram))
 4 SYSTEMPATH\CodeIgniter.php(354): CodeIgniter\CodeIgniter->handleRequest(null, Object(Config\Cache), false)
 5 SYSTEMPATH\Boot.php(363): CodeIgniter\CodeIgniter->run()
 6 SYSTEMPATH\Boot.php(68): CodeIgniter\Boot::runCodeIgniter(Object(CodeIgniter\CodeIgniter))
 7 FCPATH\index.php(59): CodeIgniter\Boot::bootWeb(Object(Config\Paths))
CRITICAL - 2025-11-24 00:51:28 --> ErrorException: Undefined array key "text"
[Method: GET, Route: telegram/messages]
in APPPATH\Controllers\Telegram.php on line 73.
 1 APPPATH\Controllers\Telegram.php(73): CodeIgniter\Debug\Exceptions->errorHandler(2, 'Undefined array key "text"', 'C:\\xampp\\htdocs\\Leapcol\\app\\Controllers\\Telegram.php', 73)
 2 SYSTEMPATH\CodeIgniter.php(933): App\Controllers\Telegram->getMessages()
 3 SYSTEMPATH\CodeIgniter.php(507): CodeIgniter\CodeIgniter->runController(Object(App\Controllers\Telegram))
 4 SYSTEMPATH\CodeIgniter.php(354): CodeIgniter\CodeIgniter->handleRequest(null, Object(Config\Cache), false)
 5 SYSTEMPATH\Boot.php(363): CodeIgniter\CodeIgniter->run()
 6 SYSTEMPATH\Boot.php(68): CodeIgniter\Boot::runCodeIgniter(Object(CodeIgniter\CodeIgniter))
 7 FCPATH\index.php(59): CodeIgniter\Boot::bootWeb(Object(Config\Paths))
CRITICAL - 2025-11-24 00:51:31 --> ErrorException: Undefined array key "text"
[Method: GET, Route: telegram/messages]
in APPPATH\Controllers\Telegram.php on line 73.
 1 APPPATH\Controllers\Telegram.php(73): CodeIgniter\Debug\Exceptions->errorHandler(2, 'Undefined array key "text"', 'C:\\xampp\\htdocs\\Leapcol\\app\\Controllers\\Telegram.php', 73)
 2 SYSTEMPATH\CodeIgniter.php(933): App\Controllers\Telegram->getMessages()
 3 SYSTEMPATH\CodeIgniter.php(507): CodeIgniter\CodeIgniter->runController(Object(App\Controllers\Telegram))
 4 SYSTEMPATH\CodeIgniter.php(354): CodeIgniter\CodeIgniter->handleRequest(null, Object(Config\Cache), false)
 5 SYSTEMPATH\Boot.php(363): CodeIgniter\CodeIgniter->run()
 6 SYSTEMPATH\Boot.php(68): CodeIgniter\Boot::runCodeIgniter(Object(CodeIgniter\CodeIgniter))
 7 FCPATH\index.php(59): CodeIgniter\Boot::bootWeb(Object(Config\Paths))
CRITICAL - 2025-11-24 00:51:35 --> ErrorException: Undefined array key "text"
[Method: GET, Route: telegram/messages]
in APPPATH\Controllers\Telegram.php on line 73.
 1 APPPATH\Controllers\Telegram.php(73): CodeIgniter\Debug\Exceptions->errorHandler(2, 'Undefined array key "text"', 'C:\\xampp\\htdocs\\Leapcol\\app\\Controllers\\Telegram.php', 73)
 2 SYSTEMPATH\CodeIgniter.php(933): App\Controllers\Telegram->getMessages()
 3 SYSTEMPATH\CodeIgniter.php(507): CodeIgniter\CodeIgniter->runController(Object(App\Controllers\Telegram))
 4 SYSTEMPATH\CodeIgniter.php(354): CodeIgniter\CodeIgniter->handleRequest(null, Object(Config\Cache), false)
 5 SYSTEMPATH\Boot.php(363): CodeIgniter\CodeIgniter->run()
 6 SYSTEMPATH\Boot.php(68): CodeIgniter\Boot::runCodeIgniter(Object(CodeIgniter\CodeIgniter))
 7 FCPATH\index.php(59): CodeIgniter\Boot::bootWeb(Object(Config\Paths))
CRITICAL - 2025-11-24 00:51:38 --> ErrorException: Undefined array key "text"
[Method: GET, Route: telegram/messages]
in APPPATH\Controllers\Telegram.php on line 73.
 1 APPPATH\Controllers\Telegram.php(73): CodeIgniter\Debug\Exceptions->errorHandler(2, 'Undefined array key "text"', 'C:\\xampp\\htdocs\\Leapcol\\app\\Controllers\\Telegram.php', 73)
 2 SYSTEMPATH\CodeIgniter.php(933): App\Controllers\Telegram->getMessages()
 3 SYSTEMPATH\CodeIgniter.php(507): CodeIgniter\CodeIgniter->runController(Object(App\Controllers\Telegram))
 4 SYSTEMPATH\CodeIgniter.php(354): CodeIgniter\CodeIgniter->handleRequest(null, Object(Config\Cache), false)
 5 SYSTEMPATH\Boot.php(363): CodeIgniter\CodeIgniter->run()
 6 SYSTEMPATH\Boot.php(68): CodeIgniter\Boot::runCodeIgniter(Object(CodeIgniter\CodeIgniter))
 7 FCPATH\index.php(59): CodeIgniter\Boot::bootWeb(Object(Config\Paths))
CRITICAL - 2025-11-24 00:51:41 --> ErrorException: Undefined array key "text"
[Method: GET, Route: telegram/messages]
in APPPATH\Controllers\Telegram.php on line 73.
 1 APPPATH\Controllers\Telegram.php(73): CodeIgniter\Debug\Exceptions->errorHandler(2, 'Undefined array key "text"', 'C:\\xampp\\htdocs\\Leapcol\\app\\Controllers\\Telegram.php', 73)
 2 SYSTEMPATH\CodeIgniter.php(933): App\Controllers\Telegram->getMessages()
 3 SYSTEMPATH\CodeIgniter.php(507): CodeIgniter\CodeIgniter->runController(Object(App\Controllers\Telegram))
 4 SYSTEMPATH\CodeIgniter.php(354): CodeIgniter\CodeIgniter->handleRequest(null, Object(Config\Cache), false)
 5 SYSTEMPATH\Boot.php(363): CodeIgniter\CodeIgniter->run()
 6 SYSTEMPATH\Boot.php(68): CodeIgniter\Boot::runCodeIgniter(Object(CodeIgniter\CodeIgniter))
 7 FCPATH\index.php(59): CodeIgniter\Boot::bootWeb(Object(Config\Paths))
CRITICAL - 2025-11-24 00:51:45 --> ErrorException: Undefined array key "text"
[Method: GET, Route: telegram/messages]
in APPPATH\Controllers\Telegram.php on line 73.
 1 APPPATH\Controllers\Telegram.php(73): CodeIgniter\Debug\Exceptions->errorHandler(2, 'Undefined array key "text"', 'C:\\xampp\\htdocs\\Leapcol\\app\\Controllers\\Telegram.php', 73)
 2 SYSTEMPATH\CodeIgniter.php(933): App\Controllers\Telegram->getMessages()
 3 SYSTEMPATH\CodeIgniter.php(507): CodeIgniter\CodeIgniter->runController(Object(App\Controllers\Telegram))
 4 SYSTEMPATH\CodeIgniter.php(354): CodeIgniter\CodeIgniter->handleRequest(null, Object(Config\Cache), false)
 5 SYSTEMPATH\Boot.php(363): CodeIgniter\CodeIgniter->run()
 6 SYSTEMPATH\Boot.php(68): CodeIgniter\Boot::runCodeIgniter(Object(CodeIgniter\CodeIgniter))
 7 FCPATH\index.php(59): CodeIgniter\Boot::bootWeb(Object(Config\Paths))
CRITICAL - 2025-11-24 00:51:48 --> ErrorException: Undefined array key "text"
[Method: GET, Route: telegram/messages]
in APPPATH\Controllers\Telegram.php on line 73.
 1 APPPATH\Controllers\Telegram.php(73): CodeIgniter\Debug\Exceptions->errorHandler(2, 'Undefined array key "text"', 'C:\\xampp\\htdocs\\Leapcol\\app\\Controllers\\Telegram.php', 73)
 2 SYSTEMPATH\CodeIgniter.php(933): App\Controllers\Telegram->getMessages()
 3 SYSTEMPATH\CodeIgniter.php(507): CodeIgniter\CodeIgniter->runController(Object(App\Controllers\Telegram))
 4 SYSTEMPATH\CodeIgniter.php(354): CodeIgniter\CodeIgniter->handleRequest(null, Object(Config\Cache), false)
 5 SYSTEMPATH\Boot.php(363): CodeIgniter\CodeIgniter->run()
 6 SYSTEMPATH\Boot.php(68): CodeIgniter\Boot::runCodeIgniter(Object(CodeIgniter\CodeIgniter))
 7 FCPATH\index.php(59): CodeIgniter\Boot::bootWeb(Object(Config\Paths))
CRITICAL - 2025-11-24 00:51:51 --> ErrorException: Undefined array key "text"
[Method: GET, Route: telegram/messages]
in APPPATH\Controllers\Telegram.php on line 73.
 1 APPPATH\Controllers\Telegram.php(73): CodeIgniter\Debug\Exceptions->errorHandler(2, 'Undefined array key "text"', 'C:\\xampp\\htdocs\\Leapcol\\app\\Controllers\\Telegram.php', 73)
 2 SYSTEMPATH\CodeIgniter.php(933): App\Controllers\Telegram->getMessages()
 3 SYSTEMPATH\CodeIgniter.php(507): CodeIgniter\CodeIgniter->runController(Object(App\Controllers\Telegram))
 4 SYSTEMPATH\CodeIgniter.php(354): CodeIgniter\CodeIgniter->handleRequest(null, Object(Config\Cache), false)
 5 SYSTEMPATH\Boot.php(363): CodeIgniter\CodeIgniter->run()
 6 SYSTEMPATH\Boot.php(68): CodeIgniter\Boot::runCodeIgniter(Object(CodeIgniter\CodeIgniter))
 7 FCPATH\index.php(59): CodeIgniter\Boot::bootWeb(Object(Config\Paths))
CRITICAL - 2025-11-24 00:51:54 --> ErrorException: Undefined array key "text"
[Method: GET, Route: telegram/messages]
in APPPATH\Controllers\Telegram.php on line 73.
 1 APPPATH\Controllers\Telegram.php(73): CodeIgniter\Debug\Exceptions->errorHandler(2, 'Undefined array key "text"', 'C:\\xampp\\htdocs\\Leapcol\\app\\Controllers\\Telegram.php', 73)
 2 SYSTEMPATH\CodeIgniter.php(933): App\Controllers\Telegram->getMessages()
 3 SYSTEMPATH\CodeIgniter.php(507): CodeIgniter\CodeIgniter->runController(Object(App\Controllers\Telegram))
 4 SYSTEMPATH\CodeIgniter.php(354): CodeIgniter\CodeIgniter->handleRequest(null, Object(Config\Cache), false)
 5 SYSTEMPATH\Boot.php(363): CodeIgniter\CodeIgniter->run()
 6 SYSTEMPATH\Boot.php(68): CodeIgniter\Boot::runCodeIgniter(Object(CodeIgniter\CodeIgniter))
 7 FCPATH\index.php(59): CodeIgniter\Boot::bootWeb(Object(Config\Paths))
CRITICAL - 2025-11-24 00:51:57 --> ErrorException: Undefined array key "text"
[Method: GET, Route: telegram/messages]
in APPPATH\Controllers\Telegram.php on line 73.
 1 APPPATH\Controllers\Telegram.php(73): CodeIgniter\Debug\Exceptions->errorHandler(2, 'Undefined array key "text"', 'C:\\xampp\\htdocs\\Leapcol\\app\\Controllers\\Telegram.php', 73)
 2 SYSTEMPATH\CodeIgniter.php(933): App\Controllers\Telegram->getMessages()
 3 SYSTEMPATH\CodeIgniter.php(507): CodeIgniter\CodeIgniter->runController(Object(App\Controllers\Telegram))
 4 SYSTEMPATH\CodeIgniter.php(354): CodeIgniter\CodeIgniter->handleRequest(null, Object(Config\Cache), false)
 5 SYSTEMPATH\Boot.php(363): CodeIgniter\CodeIgniter->run()
 6 SYSTEMPATH\Boot.php(68): CodeIgniter\Boot::runCodeIgniter(Object(CodeIgniter\CodeIgniter))
 7 FCPATH\index.php(59): CodeIgniter\Boot::bootWeb(Object(Config\Paths))
CRITICAL - 2025-11-24 00:52:00 --> ErrorException: Undefined array key "text"
[Method: GET, Route: telegram/messages]
in APPPATH\Controllers\Telegram.php on line 73.
 1 APPPATH\Controllers\Telegram.php(73): CodeIgniter\Debug\Exceptions->errorHandler(2, 'Undefined array key "text"', 'C:\\xampp\\htdocs\\Leapcol\\app\\Controllers\\Telegram.php', 73)
 2 SYSTEMPATH\CodeIgniter.php(933): App\Controllers\Telegram->getMessages()
 3 SYSTEMPATH\CodeIgniter.php(507): CodeIgniter\CodeIgniter->runController(Object(App\Controllers\Telegram))
 4 SYSTEMPATH\CodeIgniter.php(354): CodeIgniter\CodeIgniter->handleRequest(null, Object(Config\Cache), false)
 5 SYSTEMPATH\Boot.php(363): CodeIgniter\CodeIgniter->run()
 6 SYSTEMPATH\Boot.php(68): CodeIgniter\Boot::runCodeIgniter(Object(CodeIgniter\CodeIgniter))
 7 FCPATH\index.php(59): CodeIgniter\Boot::bootWeb(Object(Config\Paths))
CRITICAL - 2025-11-24 00:52:03 --> ErrorException: Undefined array key "text"
[Method: GET, Route: telegram/messages]
in APPPATH\Controllers\Telegram.php on line 73.
 1 APPPATH\Controllers\Telegram.php(73): CodeIgniter\Debug\Exceptions->errorHandler(2, 'Undefined array key "text"', 'C:\\xampp\\htdocs\\Leapcol\\app\\Controllers\\Telegram.php', 73)
 2 SYSTEMPATH\CodeIgniter.php(933): App\Controllers\Telegram->getMessages()
 3 SYSTEMPATH\CodeIgniter.php(507): CodeIgniter\CodeIgniter->runController(Object(App\Controllers\Telegram))
 4 SYSTEMPATH\CodeIgniter.php(354): CodeIgniter\CodeIgniter->handleRequest(null, Object(Config\Cache), false)
 5 SYSTEMPATH\Boot.php(363): CodeIgniter\CodeIgniter->run()
 6 SYSTEMPATH\Boot.php(68): CodeIgniter\Boot::runCodeIgniter(Object(CodeIgniter\CodeIgniter))
 7 FCPATH\index.php(59): CodeIgniter\Boot::bootWeb(Object(Config\Paths))
CRITICAL - 2025-11-24 00:52:06 --> ErrorException: Undefined array key "text"
[Method: GET, Route: telegram/messages]
in APPPATH\Controllers\Telegram.php on line 73.
 1 APPPATH\Controllers\Telegram.php(73): CodeIgniter\Debug\Exceptions->errorHandler(2, 'Undefined array key "text"', 'C:\\xampp\\htdocs\\Leapcol\\app\\Controllers\\Telegram.php', 73)
 2 SYSTEMPATH\CodeIgniter.php(933): App\Controllers\Telegram->getMessages()
 3 SYSTEMPATH\CodeIgniter.php(507): CodeIgniter\CodeIgniter->runController(Object(App\Controllers\Telegram))
 4 SYSTEMPATH\CodeIgniter.php(354): CodeIgniter\CodeIgniter->handleRequest(null, Object(Config\Cache), false)
 5 SYSTEMPATH\Boot.php(363): CodeIgniter\CodeIgniter->run()
 6 SYSTEMPATH\Boot.php(68): CodeIgniter\Boot::runCodeIgniter(Object(CodeIgniter\CodeIgniter))
 7 FCPATH\index.php(59): CodeIgniter\Boot::bootWeb(Object(Config\Paths))
CRITICAL - 2025-11-24 02:59:11 --> ParseError: syntax error, unexpected token "<", expecting end of file
[Method: GET, Route: productos/detalle/1]
in APPPATH\Views\productos\detalle.php on line 18.
 1 SYSTEMPATH\View\View.php(229): CodeIgniter\View\View->CodeIgniter\View\{closure}()
 2 SYSTEMPATH\Common.php(1167): CodeIgniter\View\View->render('productos/detalle', [], true)
 3 APPPATH\Controllers\Productos.php(50): view('productos/detalle', [...])
 4 SYSTEMPATH\CodeIgniter.php(933): App\Controllers\Productos->detalle('1')
 5 SYSTEMPATH\CodeIgniter.php(507): CodeIgniter\CodeIgniter->runController(Object(App\Controllers\Productos))
 6 SYSTEMPATH\CodeIgniter.php(354): CodeIgniter\CodeIgniter->handleRequest(null, Object(Config\Cache), false)
 7 SYSTEMPATH\Boot.php(363): CodeIgniter\CodeIgniter->run()
 8 SYSTEMPATH\Boot.php(68): CodeIgniter\Boot::runCodeIgniter(Object(CodeIgniter\CodeIgniter))
 9 FCPATH\index.php(59): CodeIgniter\Boot::bootWeb(Object(Config\Paths))
CRITICAL - 2025-11-24 03:00:17 --> ParseError: syntax error, unexpected token "<", expecting end of file
[Method: GET, Route: productos/detalle/1]
in APPPATH\Views\productos\detalle.php on line 18.
 1 SYSTEMPATH\View\View.php(229): CodeIgniter\View\View->CodeIgniter\View\{closure}()
 2 SYSTEMPATH\Common.php(1167): CodeIgniter\View\View->render('productos/detalle', [], true)
 3 APPPATH\Controllers\Productos.php(50): view('productos/detalle', [...])
 4 SYSTEMPATH\CodeIgniter.php(933): App\Controllers\Productos->detalle('1')
 5 SYSTEMPATH\CodeIgniter.php(507): CodeIgniter\CodeIgniter->runController(Object(App\Controllers\Productos))
 6 SYSTEMPATH\CodeIgniter.php(354): CodeIgniter\CodeIgniter->handleRequest(null, Object(Config\Cache), false)
 7 SYSTEMPATH\Boot.php(363): CodeIgniter\CodeIgniter->run()
 8 SYSTEMPATH\Boot.php(68): CodeIgniter\Boot::runCodeIgniter(Object(CodeIgniter\CodeIgniter))
 9 FCPATH\index.php(59): CodeIgniter\Boot::bootWeb(Object(Config\Paths))
CRITICAL - 2025-11-24 03:18:46 --> CodeIgniter\Exceptions\BadMethodCallException: Call to undefined method App\Models\ProductoModel::getProductosRelacionados
[Method: GET, Route: productos/detalle/4]
in SYSTEMPATH\Model.php on line 927.
 1 APPPATH\Controllers\Productos.php(48): CodeIgniter\Model->__call('getProductosRelacionados', [...])
 2 SYSTEMPATH\CodeIgniter.php(933): App\Controllers\Productos->detalle('4')
 3 SYSTEMPATH\CodeIgniter.php(507): CodeIgniter\CodeIgniter->runController(Object(App\Controllers\Productos))
 4 SYSTEMPATH\CodeIgniter.php(354): CodeIgniter\CodeIgniter->handleRequest(null, Object(Config\Cache), false)
 5 SYSTEMPATH\Boot.php(363): CodeIgniter\CodeIgniter->run()
 6 SYSTEMPATH\Boot.php(68): CodeIgniter\Boot::runCodeIgniter(Object(CodeIgniter\CodeIgniter))
 7 FCPATH\index.php(59): CodeIgniter\Boot::bootWeb(Object(Config\Paths))
ERROR - 2025-11-24 03:26:19 --> mysqli_sql_exception: Unknown column 'name' in 'field list' in C:\xampp\htdocs\Leapcol\system\Database\MySQLi\Connection.php:327
Stack trace:
#0 C:\xampp\htdocs\Leapcol\system\Database\MySQLi\Connection.php(327): mysqli->query('INSERT INTO `us...', 0)
#1 C:\xampp\htdocs\Leapcol\system\Database\BaseConnection.php(729): CodeIgniter\Database\MySQLi\Connection->execute('INSERT INTO `us...')
#2 C:\xampp\htdocs\Leapcol\system\Database\BaseConnection.php(646): CodeIgniter\Database\BaseConnection->simpleQuery('INSERT INTO `us...')
#3 C:\xampp\htdocs\Leapcol\system\Database\BaseBuilder.php(2345): CodeIgniter\Database\BaseConnection->query('INSERT INTO `us...', Array, false)
#4 C:\xampp\htdocs\Leapcol\system\Model.php(394): CodeIgniter\Database\BaseBuilder->insert()
#5 C:\xampp\htdocs\Leapcol\system\BaseModel.php(838): CodeIgniter\Model->doInsert(Array)
#6 C:\xampp\htdocs\Leapcol\system\Model.php(797): CodeIgniter\BaseModel->insert(Array, true)
#7 C:\xampp\htdocs\Leapcol\app\Controllers\AuthController.php(164): CodeIgniter\Model->insert(Array)
#8 C:\xampp\htdocs\Leapcol\system\CodeIgniter.php(933): App\Controllers\AuthController->googleCallback()
#9 C:\xampp\htdocs\Leapcol\system\CodeIgniter.php(507): CodeIgniter\CodeIgniter->runController(Object(App\Controllers\AuthController))
#10 C:\xampp\htdocs\Leapcol\system\CodeIgniter.php(354): CodeIgniter\CodeIgniter->handleRequest(NULL, Object(Config\Cache), false)
#11 C:\xampp\htdocs\Leapcol\system\Boot.php(363): CodeIgniter\CodeIgniter->run()
#12 C:\xampp\htdocs\Leapcol\system\Boot.php(68): CodeIgniter\Boot::runCodeIgniter(Object(CodeIgniter\CodeIgniter))
#13 C:\xampp\htdocs\Leapcol\public\index.php(59): CodeIgniter\Boot::bootWeb(Object(Config\Paths))
#14 {main}
ERROR - 2025-11-24 03:26:29 --> mysqli_sql_exception: Unknown column 'name' in 'field list' in C:\xampp\htdocs\Leapcol\system\Database\MySQLi\Connection.php:327
Stack trace:
#0 C:\xampp\htdocs\Leapcol\system\Database\MySQLi\Connection.php(327): mysqli->query('INSERT INTO `us...', 0)
#1 C:\xampp\htdocs\Leapcol\system\Database\BaseConnection.php(729): CodeIgniter\Database\MySQLi\Connection->execute('INSERT INTO `us...')
#2 C:\xampp\htdocs\Leapcol\system\Database\BaseConnection.php(646): CodeIgniter\Database\BaseConnection->simpleQuery('INSERT INTO `us...')
#3 C:\xampp\htdocs\Leapcol\system\Database\BaseBuilder.php(2345): CodeIgniter\Database\BaseConnection->query('INSERT INTO `us...', Array, false)
#4 C:\xampp\htdocs\Leapcol\system\Model.php(394): CodeIgniter\Database\BaseBuilder->insert()
#5 C:\xampp\htdocs\Leapcol\system\BaseModel.php(838): CodeIgniter\Model->doInsert(Array)
#6 C:\xampp\htdocs\Leapcol\system\Model.php(797): CodeIgniter\BaseModel->insert(Array, true)
#7 C:\xampp\htdocs\Leapcol\app\Controllers\AuthController.php(164): CodeIgniter\Model->insert(Array)
#8 C:\xampp\htdocs\Leapcol\system\CodeIgniter.php(933): App\Controllers\AuthController->googleCallback()
#9 C:\xampp\htdocs\Leapcol\system\CodeIgniter.php(507): CodeIgniter\CodeIgniter->runController(Object(App\Controllers\AuthController))
#10 C:\xampp\htdocs\Leapcol\system\CodeIgniter.php(354): CodeIgniter\CodeIgniter->handleRequest(NULL, Object(Config\Cache), false)
#11 C:\xampp\htdocs\Leapcol\system\Boot.php(363): CodeIgniter\CodeIgniter->run()
#12 C:\xampp\htdocs\Leapcol\system\Boot.php(68): CodeIgniter\Boot::runCodeIgniter(Object(CodeIgniter\CodeIgniter))
#13 C:\xampp\htdocs\Leapcol\public\index.php(59): CodeIgniter\Boot::bootWeb(Object(Config\Paths))
#14 {main}
